# JRE version: Java(TM) SE Runtime Environment (8.0_144-b01) (build 1.8.0_144-b01)
# Java VM: Java HotSpot(TM) 64-Bit Server VM (25.144-b01 mixed mode windows-amd64 compressed oops)
Heap:
 PSYoungGen      total 69632K, used 10321K [0x00000000ebb80000, 0x00000000f0900000, 0x0000000100000000)
  eden space 60928K, 7% used [0x00000000ebb80000,0x00000000ec029a50,0x00000000ef700000)
  from space 8704K, 63% used [0x00000000f0080000,0x00000000f05eacd8,0x00000000f0900000)
  to   space 9216K, 0% used [0x00000000ef700000,0x00000000ef700000,0x00000000f0000000)
 ParOldGen       total 36352K, used 12711K [0x00000000c3200000, 0x00000000c5580000, 0x00000000ebb80000)
  object space 36352K, 34% used [0x00000000c3200000,0x00000000c3e69d38,0x00000000c5580000)
 Metaspace       used 26853K, capacity 27194K, committed 27648K, reserved 1073152K
  class space    used 3401K, capacity 3497K, committed 3584K, reserved 1048576K
GC Heap History (10 events):
Event: 42.495 GC heap before
{Heap before GC invocations=3 (full 0):
 PSYoungGen      total 18432K, used 18421K [0x00000000ebb80000, 0x00000000ed000000, 0x0000000100000000)
  eden space 15872K, 100% used [0x00000000ebb80000,0x00000000ecb00000,0x00000000ecb00000)
  from space 2560K, 99% used [0x00000000ecd80000,0x00000000ecffd728,0x00000000ed000000)
  to   space 2560K, 0% used [0x00000000ecb00000,0x00000000ecb00000,0x00000000ecd80000)
 ParOldGen       total 42496K, used 7805K [0x00000000c3200000, 0x00000000c5b80000, 0x00000000ebb80000)
  object space 42496K, 18% used [0x00000000c3200000,0x00000000c399f430,0x00000000c5b80000)
 Metaspace       used 20122K, capacity 20424K, committed 20736K, reserved 1067008K
  class space    used 2597K, capacity 2694K, committed 2816K, reserved 1048576K
Event: 42.506 GC heap after
Heap after GC invocations=3 (full 0):
 PSYoungGen      total 18432K, used 2533K [0x00000000ebb80000, 0x00000000edf80000, 0x0000000100000000)
  eden space 15872K, 0% used [0x00000000ebb80000,0x00000000ebb80000,0x00000000ecb00000)
  from space 2560K, 98% used [0x00000000ecb00000,0x00000000ecd79718,0x00000000ecd80000)
  to   space 2560K, 0% used [0x00000000edd00000,0x00000000edd00000,0x00000000edf80000)
 ParOldGen       total 42496K, used 10468K [0x00000000c3200000, 0x00000000c5b80000, 0x00000000ebb80000)
  object space 42496K, 24% used [0x00000000c3200000,0x00000000c3c391f8,0x00000000c5b80000)
 Metaspace       used 20122K, capacity 20424K, committed 20736K, reserved 1067008K
  class space    used 2597K, capacity 2694K, committed 2816K, reserved 1048576K
}
Event: 42.626 GC heap before
{Heap before GC invocations=4 (full 0):
 PSYoungGen      total 18432K, used 8076K [0x00000000ebb80000, 0x00000000edf80000, 0x0000000100000000)
  eden space 15872K, 34% used [0x00000000ebb80000,0x00000000ec0e99d0,0x00000000ecb00000)
  from space 2560K, 98% used [0x00000000ecb00000,0x00000000ecd79718,0x00000000ecd80000)
  to   space 2560K, 0% used [0x00000000edd00000,0x00000000edd00000,0x00000000edf80000)
 ParOldGen       total 42496K, used 10468K [0x00000000c3200000, 0x00000000c5b80000, 0x00000000ebb80000)
  object space 42496K, 24% used [0x00000000c3200000,0x00000000c3c391f8,0x00000000c5b80000)
 Metaspace       used 20879K, capacity 21102K, committed 21248K, reserved 1067008K
  class space    used 2701K, capacity 2791K, committed 2816K, reserved 1048576K
Event: 42.636 GC heap after
Heap after GC invocations=4 (full 0):
 PSYoungGen      total 34304K, used 2533K [0x00000000ebb80000, 0x00000000edf80000, 0x0000000100000000)
  eden space 31744K, 0% used [0x00000000ebb80000,0x00000000ebb80000,0x00000000eda80000)
  from space 2560K, 98% used [0x00000000edd00000,0x00000000edf79728,0x00000000edf80000)
  to   space 2560K, 0% used [0x00000000eda80000,0x00000000eda80000,0x00000000edd00000)
 ParOldGen       total 42496K, used 11230K [0x00000000c3200000, 0x00000000c5b80000, 0x00000000ebb80000)
  object space 42496K, 26% used [0x00000000c3200000,0x00000000c3cf7858,0x00000000c5b80000)
 Metaspace       used 20879K, capacity 21102K, committed 21248K, reserved 1067008K
  class space    used 2701K, capacity 2791K, committed 2816K, reserved 1048576K
}
Event: 42.636 GC heap before
{Heap before GC invocations=5 (full 1):
 PSYoungGen      total 34304K, used 2533K [0x00000000ebb80000, 0x00000000edf80000, 0x0000000100000000)
  eden space 31744K, 0% used [0x00000000ebb80000,0x00000000ebb80000,0x00000000eda80000)
  from space 2560K, 98% used [0x00000000edd00000,0x00000000edf79728,0x00000000edf80000)
  to   space 2560K, 0% used [0x00000000eda80000,0x00000000eda80000,0x00000000edd00000)
 ParOldGen       total 42496K, used 11230K [0x00000000c3200000, 0x00000000c5b80000, 0x00000000ebb80000)
  object space 42496K, 26% used [0x00000000c3200000,0x00000000c3cf7858,0x00000000c5b80000)
 Metaspace       used 20879K, capacity 21102K, committed 21248K, reserved 1067008K
  class space    used 2701K, capacity 2791K, committed 2816K, reserved 1048576K
Event: 42.711 GC heap after
Heap after GC invocations=5 (full 1):
 PSYoungGen      total 34304K, used 0K [0x00000000ebb80000, 0x00000000edf80000, 0x0000000100000000)
  eden space 31744K, 0% used [0x00000000ebb80000,0x00000000ebb80000,0x00000000eda80000)
  from space 2560K, 0% used [0x00000000edd00000,0x00000000edd00000,0x00000000edf80000)
  to   space 2560K, 0% used [0x00000000eda80000,0x00000000eda80000,0x00000000edd00000)
 ParOldGen       total 36352K, used 12084K [0x00000000c3200000, 0x00000000c5580000, 0x00000000ebb80000)
  object space 36352K, 33% used [0x00000000c3200000,0x00000000c3dcd3b8,0x00000000c5580000)
 Metaspace       used 20879K, capacity 21102K, committed 21248K, reserved 1067008K
  class space    used 2701K, capacity 2791K, committed 2816K, reserved 1048576K
}
Event: 43.552 GC heap before
{Heap before GC invocations=6 (full 1):
 PSYoungGen      total 34304K, used 31744K [0x00000000ebb80000, 0x00000000edf80000, 0x0000000100000000)
  eden space 31744K, 100% used [0x00000000ebb80000,0x00000000eda80000,0x00000000eda80000)
  from space 2560K, 0% used [0x00000000edd00000,0x00000000edd00000,0x00000000edf80000)
  to   space 2560K, 0% used [0x00000000eda80000,0x00000000eda80000,0x00000000edd00000)
 ParOldGen       total 36352K, used 12084K [0x00000000c3200000, 0x00000000c5580000, 0x00000000ebb80000)
  object space 36352K, 33% used [0x00000000c3200000,0x00000000c3dcd3b8,0x00000000c5580000)
 Metaspace       used 23018K, capacity 23310K, committed 23680K, reserved 1069056K
  class space    used 2983K, capacity 3079K, committed 3200K, reserved 1048576K
Event: 43.563 GC heap after
Heap after GC invocations=6 (full 1):
 PSYoungGen      total 34304K, used 2543K [0x00000000ebb80000, 0x00000000f0980000, 0x0000000100000000)
  eden space 31744K, 0% used [0x00000000ebb80000,0x00000000ebb80000,0x00000000eda80000)
  from space 2560K, 99% used [0x00000000eda80000,0x00000000edcfbd20,0x00000000edd00000)
  to   space 9216K, 0% used [0x00000000f0080000,0x00000000f0080000,0x00000000f0980000)
 ParOldGen       total 36352K, used 12703K [0x00000000c3200000, 0x00000000c5580000, 0x00000000ebb80000)
  object space 36352K, 34% used [0x00000000c3200000,0x00000000c3e67d38,0x00000000c5580000)
 Metaspace       used 23018K, capacity 23310K, committed 23680K, reserved 1069056K
  class space    used 2983K, capacity 3079K, committed 3200K, reserved 1048576K
}
Event: 44.375 GC heap before
{Heap before GC invocations=7 (full 1):
 PSYoungGen      total 34304K, used 34287K [0x00000000ebb80000, 0x00000000f0980000, 0x0000000100000000)
  eden space 31744K, 100% used [0x00000000ebb80000,0x00000000eda80000,0x00000000eda80000)
  from space 2560K, 99% used [0x00000000eda80000,0x00000000edcfbd20,0x00000000edd00000)
  to   space 9216K, 0% used [0x00000000f0080000,0x00000000f0080000,0x00000000f0980000)
 ParOldGen       total 36352K, used 12703K [0x00000000c3200000, 0x00000000c5580000, 0x00000000ebb80000)
  object space 36352K, 34% used [0x00000000c3200000,0x00000000c3e67d38,0x00000000c5580000)
 Metaspace       used 26414K, capacity 26708K, committed 27136K, reserved 1073152K
  class space    used 3383K, capacity 3464K, committed 3584K, reserved 1048576K
Event: 44.388 GC heap after
Heap after GC invocations=7 (full 1):
 PSYoungGen      total 69632K, used 5547K [0x00000000ebb80000, 0x00000000f0900000, 0x0000000100000000)
  eden space 60928K, 0% used [0x00000000ebb80000,0x00000000ebb80000,0x00000000ef700000)
  from space 8704K, 63% used [0x00000000f0080000,0x00000000f05eacd8,0x00000000f0900000)
  to   space 9216K, 0% used [0x00000000ef700000,0x00000000ef700000,0x00000000f0000000)
 ParOldGen       total 36352K, used 12711K [0x00000000c3200000, 0x00000000c5580000, 0x00000000ebb80000)
  object space 36352K, 34% used [0x00000000c3200000,0x00000000c3e69d38,0x00000000c5580000)
 Metaspace       used 26414K, capacity 26708K, committed 27136K, reserved 1073152K
  class space    used 3383K, capacity 3464K, committed 3584K, reserved 1048576K
}

