# JRE version: Java(TM) SE Runtime Environment (8.0_144-b01) (build 1.8.0_144-b01)
# Java VM: Java HotSpot(TM) 64-Bit Server VM (25.144-b01 mixed mode windows-amd64 compressed oops)
Heap:
 PSYoungGen      total 48128K, used 36308K [0x00000000ebb80000, 0x00000000efc80000, 0x0000000100000000)
  eden space 37376K, 95% used [0x00000000ebb80000,0x00000000ede43610,0x00000000ee000000)
  from space 10752K, 6% used [0x00000000ee000000,0x00000000ee0b1b10,0x00000000eea80000)
  to   space 10752K, 0% used [0x00000000ef200000,0x00000000ef200000,0x00000000efc80000)
 ParOldGen       total 36352K, used 19101K [0x00000000c3200000, 0x00000000c5580000, 0x00000000ebb80000)
  object space 36352K, 52% used [0x00000000c3200000,0x00000000c44a7590,0x00000000c5580000)
 Metaspace       used 34016K, capacity 34490K, committed 34688K, reserved 1079296K
  class space    used 4077K, capacity 4183K, committed 4224K, reserved 1048576K
GC Heap History (10 events):
Event: 37.027 GC heap before
{Heap before GC invocations=8 (full 1):
 PSYoungGen      total 38912K, used 32127K [0x00000000ebb80000, 0x00000000eea80000, 0x0000000100000000)
  eden space 29696K, 100% used [0x00000000ebb80000,0x00000000ed880000,0x00000000ed880000)
  from space 9216K, 26% used [0x00000000ee180000,0x00000000ee3dfd50,0x00000000eea80000)
  to   space 9216K, 0% used [0x00000000ed880000,0x00000000ed880000,0x00000000ee180000)
 ParOldGen       total 36352K, used 10290K [0x00000000c3200000, 0x00000000c5580000, 0x00000000ebb80000)
  object space 36352K, 28% used [0x00000000c3200000,0x00000000c3c0cb80,0x00000000c5580000)
 Metaspace       used 26015K, capacity 26308K, committed 26624K, reserved 1073152K
  class space    used 3357K, capacity 3464K, committed 3584K, reserved 1048576K
Event: 37.039 GC heap after
Heap after GC invocations=8 (full 1):
 PSYoungGen      total 38912K, used 5262K [0x00000000ebb80000, 0x00000000eea80000, 0x0000000100000000)
  eden space 29696K, 0% used [0x00000000ebb80000,0x00000000ebb80000,0x00000000ed880000)
  from space 9216K, 57% used [0x00000000ed880000,0x00000000edda38e8,0x00000000ee180000)
  to   space 9216K, 0% used [0x00000000ee180000,0x00000000ee180000,0x00000000eea80000)
 ParOldGen       total 36352K, used 10298K [0x00000000c3200000, 0x00000000c5580000, 0x00000000ebb80000)
  object space 36352K, 28% used [0x00000000c3200000,0x00000000c3c0eb80,0x00000000c5580000)
 Metaspace       used 26015K, capacity 26308K, committed 26624K, reserved 1073152K
  class space    used 3357K, capacity 3464K, committed 3584K, reserved 1048576K
}
Event: 38.381 GC heap before
{Heap before GC invocations=9 (full 1):
 PSYoungGen      total 38912K, used 34958K [0x00000000ebb80000, 0x00000000eea80000, 0x0000000100000000)
  eden space 29696K, 100% used [0x00000000ebb80000,0x00000000ed880000,0x00000000ed880000)
  from space 9216K, 57% used [0x00000000ed880000,0x00000000edda38e8,0x00000000ee180000)
  to   space 9216K, 0% used [0x00000000ee180000,0x00000000ee180000,0x00000000eea80000)
 ParOldGen       total 36352K, used 10298K [0x00000000c3200000, 0x00000000c5580000, 0x00000000ebb80000)
  object space 36352K, 28% used [0x00000000c3200000,0x00000000c3c0eb80,0x00000000c5580000)
 Metaspace       used 29473K, capacity 29872K, committed 30208K, reserved 1075200K
  class space    used 3678K, capacity 3793K, committed 3840K, reserved 1048576K
Event: 38.398 GC heap after
Heap after GC invocations=9 (full 1):
 PSYoungGen      total 38912K, used 7654K [0x00000000ebb80000, 0x00000000eea80000, 0x0000000100000000)
  eden space 29696K, 0% used [0x00000000ebb80000,0x00000000ebb80000,0x00000000ed880000)
  from space 9216K, 83% used [0x00000000ee180000,0x00000000ee8f9990,0x00000000eea80000)
  to   space 9216K, 0% used [0x00000000ed880000,0x00000000ed880000,0x00000000ee180000)
 ParOldGen       total 36352K, used 10306K [0x00000000c3200000, 0x00000000c5580000, 0x00000000ebb80000)
  object space 36352K, 28% used [0x00000000c3200000,0x00000000c3c10b80,0x00000000c5580000)
 Metaspace       used 29473K, capacity 29872K, committed 30208K, reserved 1075200K
  class space    used 3678K, capacity 3793K, committed 3840K, reserved 1048576K
}
Event: 168.282 GC heap before
{Heap before GC invocations=10 (full 1):
 PSYoungGen      total 38912K, used 37350K [0x00000000ebb80000, 0x00000000eea80000, 0x0000000100000000)
  eden space 29696K, 100% used [0x00000000ebb80000,0x00000000ed880000,0x00000000ed880000)
  from space 9216K, 83% used [0x00000000ee180000,0x00000000ee8f9990,0x00000000eea80000)
  to   space 9216K, 0% used [0x00000000ed880000,0x00000000ed880000,0x00000000ee180000)
 ParOldGen       total 36352K, used 10306K [0x00000000c3200000, 0x00000000c5580000, 0x00000000ebb80000)
  object space 36352K, 28% used [0x00000000c3200000,0x00000000c3c10b80,0x00000000c5580000)
 Metaspace       used 33010K, capacity 33444K, committed 33664K, reserved 1079296K
  class space    used 4056K, capacity 4164K, committed 4224K, reserved 1048576K
Event: 168.300 GC heap after
Heap after GC invocations=10 (full 1):
 PSYoungGen      total 38912K, used 8111K [0x00000000ebb80000, 0x00000000efc00000, 0x0000000100000000)
  eden space 29696K, 0% used [0x00000000ebb80000,0x00000000ebb80000,0x00000000ed880000)
  from space 9216K, 88% used [0x00000000ed880000,0x00000000ee06bc10,0x00000000ee180000)
  to   space 10752K, 0% used [0x00000000ef180000,0x00000000ef180000,0x00000000efc00000)
 ParOldGen       total 36352K, used 12279K [0x00000000c3200000, 0x00000000c5580000, 0x00000000ebb80000)
  object space 36352K, 33% used [0x00000000c3200000,0x00000000c3dfdde0,0x00000000c5580000)
 Metaspace       used 33010K, capacity 33444K, committed 33664K, reserved 1079296K
  class space    used 4056K, capacity 4164K, committed 4224K, reserved 1048576K
}
Event: 363.748 GC heap before
{Heap before GC invocations=11 (full 1):
 PSYoungGen      total 38912K, used 37807K [0x00000000ebb80000, 0x00000000efc00000, 0x0000000100000000)
  eden space 29696K, 100% used [0x00000000ebb80000,0x00000000ed880000,0x00000000ed880000)
  from space 9216K, 88% used [0x00000000ed880000,0x00000000ee06bc10,0x00000000ee180000)
  to   space 10752K, 0% used [0x00000000ef180000,0x00000000ef180000,0x00000000efc00000)
 ParOldGen       total 36352K, used 12279K [0x00000000c3200000, 0x00000000c5580000, 0x00000000ebb80000)
  object space 36352K, 33% used [0x00000000c3200000,0x00000000c3dfdde0,0x00000000c5580000)
 Metaspace       used 33653K, capacity 34108K, committed 34432K, reserved 1079296K
  class space    used 4066K, capacity 4168K, committed 4224K, reserved 1048576K
Event: 363.764 GC heap after
Heap after GC invocations=11 (full 1):
 PSYoungGen      total 32768K, used 3132K [0x00000000ebb80000, 0x00000000ef500000, 0x0000000100000000)
  eden space 29184K, 0% used [0x00000000ebb80000,0x00000000ebb80000,0x00000000ed800000)
  from space 3584K, 87% used [0x00000000ef180000,0x00000000ef48f110,0x00000000ef500000)
  to   space 10752K, 0% used [0x00000000ee000000,0x00000000ee000000,0x00000000eea80000)
 ParOldGen       total 36352K, used 16589K [0x00000000c3200000, 0x00000000c5580000, 0x00000000ebb80000)
  object space 36352K, 45% used [0x00000000c3200000,0x00000000c4233720,0x00000000c5580000)
 Metaspace       used 33653K, capacity 34108K, committed 34432K, reserved 1079296K
  class space    used 4066K, capacity 4168K, committed 4224K, reserved 1048576K
}
Event: 364.124 GC heap before
{Heap before GC invocations=12 (full 1):
 PSYoungGen      total 32768K, used 32316K [0x00000000ebb80000, 0x00000000ef500000, 0x0000000100000000)
  eden space 29184K, 100% used [0x00000000ebb80000,0x00000000ed800000,0x00000000ed800000)
  from space 3584K, 87% used [0x00000000ef180000,0x00000000ef48f110,0x00000000ef500000)
  to   space 10752K, 0% used [0x00000000ee000000,0x00000000ee000000,0x00000000eea80000)
 ParOldGen       total 36352K, used 16589K [0x00000000c3200000, 0x00000000c5580000, 0x00000000ebb80000)
  object space 36352K, 45% used [0x00000000c3200000,0x00000000c4233720,0x00000000c5580000)
 Metaspace       used 33887K, capacity 34336K, committed 34688K, reserved 1079296K
  class space    used 4070K, capacity 4174K, committed 4224K, reserved 1048576K
Event: 364.138 GC heap after
Heap after GC invocations=12 (full 1):
 PSYoungGen      total 48128K, used 710K [0x00000000ebb80000, 0x00000000efc80000, 0x0000000100000000)
  eden space 37376K, 0% used [0x00000000ebb80000,0x00000000ebb80000,0x00000000ee000000)
  from space 10752K, 6% used [0x00000000ee000000,0x00000000ee0b1b10,0x00000000eea80000)
  to   space 10752K, 0% used [0x00000000ef200000,0x00000000ef200000,0x00000000efc80000)
 ParOldGen       total 36352K, used 19101K [0x00000000c3200000, 0x00000000c5580000, 0x00000000ebb80000)
  object space 36352K, 52% used [0x00000000c3200000,0x00000000c44a7590,0x00000000c5580000)
 Metaspace       used 33887K, capacity 34336K, committed 34688K, reserved 1079296K
  class space    used 4070K, capacity 4174K, committed 4224K, reserved 1048576K
}

